<?xml version="1.0" encoding="UTF-8"?>
<testsuite xmlns:xsi="http://www.w3.org/2001/XMLSchema-instance" xsi:schemaLocation="https://maven.apache.org/surefire/maven-surefire-plugin/xsd/surefire-test-report.xsd" name="SensorTest" time="0.076" tests="3" errors="3" skipped="0" failures="0">
  <properties>
[...]
</properties>
  <testcase name="notifyObservers" classname="SensorTest" time="0.029">
    <error message="Expecting a stackmap frame at branch target 60&#10;Exception Details:&#10;  Location:&#10;    Sensor.switchState()V @36: ifne&#10;  Reason:&#10;    Expected stackmap frame at this location.&#10;  Bytecode:&#10;    0x0000000: b800 5f4c 033d 11ff ff3e 2b10 1f04 5412&#10;    0x0000010: 1211 005c b800 182a 2ab4 0021 1100 5c3d&#10;    0x0000020: 1100 003e 9a00 1812 121c 1d04 b800 4811&#10;    0x0000030: ffff 3e04 2b10 2004 54a7 0026 1d9c 000b&#10;    0x0000040: 2b10 2104 54a7 0014 1212 1c1d 03b8 0048&#10;    0x0000050: 11ff ff3e 2b10 2204 5403 2b10 2304 54b5&#10;    0x0000060: 0021 2b10 2404 5412 1211 005d b800 182a&#10;    0x0000070: b600 342b 1025 0454 1212 1100 5eb8 0018&#10;    0x0000080: 2b10 2604 54b1                         &#10;  Stackmap Table:&#10;    full_frame(@89,{Object[#2],Object[#97]},{Object[#2]})&#10;    full_frame(@95,{Object[#2],Object[#97]},{Object[#2],Integer})&#10;" type="java.lang.VerifyError"><![CDATA[java.lang.VerifyError: 
Expecting a stackmap frame at branch target 60
Exception Details:
  Location:
    Sensor.switchState()V @36: ifne
  Reason:
    Expected stackmap frame at this location.
  Bytecode:
    0x0000000: b800 5f4c 033d 11ff ff3e 2b10 1f04 5412
    0x0000010: 1211 005c b800 182a 2ab4 0021 1100 5c3d
    0x0000020: 1100 003e 9a00 1812 121c 1d04 b800 4811
    0x0000030: ffff 3e04 2b10 2004 54a7 0026 1d9c 000b
    0x0000040: 2b10 2104 54a7 0014 1212 1c1d 03b8 0048
    0x0000050: 11ff ff3e 2b10 2204 5403 2b10 2304 54b5
    0x0000060: 0021 2b10 2404 5412 1211 005d b800 182a
    0x0000070: b600 342b 1025 0454 1212 1100 5eb8 0018
    0x0000080: 2b10 2604 54b1                         
  Stackmap Table:
    full_frame(@89,{Object[#2],Object[#97]},{Object[#2]})
    full_frame(@95,{Object[#2],Object[#97]},{Object[#2],Integer})

	at SensorTest.<init>(SensorTest.java:13)
]]></error>
  </testcase>
  <testcase name="removeObserver" classname="SensorTest" time="0">
    <error message="Expecting a stackmap frame at branch target 60&#10;Exception Details:&#10;  Location:&#10;    Sensor.switchState()V @36: ifne&#10;  Reason:&#10;    Expected stackmap frame at this location.&#10;  Bytecode:&#10;    0x0000000: b800 5f4c 033d 11ff ff3e 2b10 1f04 5412&#10;    0x0000010: 1211 005c b800 182a 2ab4 0021 1100 5c3d&#10;    0x0000020: 1100 003e 9a00 1812 121c 1d04 b800 4811&#10;    0x0000030: ffff 3e04 2b10 2004 54a7 0026 1d9c 000b&#10;    0x0000040: 2b10 2104 54a7 0014 1212 1c1d 03b8 0048&#10;    0x0000050: 11ff ff3e 2b10 2204 5403 2b10 2304 54b5&#10;    0x0000060: 0021 2b10 2404 5412 1211 005d b800 182a&#10;    0x0000070: b600 342b 1025 0454 1212 1100 5eb8 0018&#10;    0x0000080: 2b10 2604 54b1                         &#10;  Stackmap Table:&#10;    full_frame(@89,{Object[#2],Object[#97]},{Object[#2]})&#10;    full_frame(@95,{Object[#2],Object[#97]},{Object[#2],Integer})&#10;" type="java.lang.VerifyError"><![CDATA[java.lang.VerifyError: 
Expecting a stackmap frame at branch target 60
Exception Details:
  Location:
    Sensor.switchState()V @36: ifne
  Reason:
    Expected stackmap frame at this location.
  Bytecode:
    0x0000000: b800 5f4c 033d 11ff ff3e 2b10 1f04 5412
    0x0000010: 1211 005c b800 182a 2ab4 0021 1100 5c3d
    0x0000020: 1100 003e 9a00 1812 121c 1d04 b800 4811
    0x0000030: ffff 3e04 2b10 2004 54a7 0026 1d9c 000b
    0x0000040: 2b10 2104 54a7 0014 1212 1c1d 03b8 0048
    0x0000050: 11ff ff3e 2b10 2204 5403 2b10 2304 54b5
    0x0000060: 0021 2b10 2404 5412 1211 005d b800 182a
    0x0000070: b600 342b 1025 0454 1212 1100 5eb8 0018
    0x0000080: 2b10 2604 54b1                         
  Stackmap Table:
    full_frame(@89,{Object[#2],Object[#97]},{Object[#2]})
    full_frame(@95,{Object[#2],Object[#97]},{Object[#2],Integer})

	at SensorTest.<init>(SensorTest.java:13)
]]></error>
  </testcase>
  <testcase name="addObserver" classname="SensorTest" time="0">
    <error message="Expecting a stackmap frame at branch target 60&#10;Exception Details:&#10;  Location:&#10;    Sensor.switchState()V @36: ifne&#10;  Reason:&#10;    Expected stackmap frame at this location.&#10;  Bytecode:&#10;    0x0000000: b800 5f4c 033d 11ff ff3e 2b10 1f04 5412&#10;    0x0000010: 1211 005c b800 182a 2ab4 0021 1100 5c3d&#10;    0x0000020: 1100 003e 9a00 1812 121c 1d04 b800 4811&#10;    0x0000030: ffff 3e04 2b10 2004 54a7 0026 1d9c 000b&#10;    0x0000040: 2b10 2104 54a7 0014 1212 1c1d 03b8 0048&#10;    0x0000050: 11ff ff3e 2b10 2204 5403 2b10 2304 54b5&#10;    0x0000060: 0021 2b10 2404 5412 1211 005d b800 182a&#10;    0x0000070: b600 342b 1025 0454 1212 1100 5eb8 0018&#10;    0x0000080: 2b10 2604 54b1                         &#10;  Stackmap Table:&#10;    full_frame(@89,{Object[#2],Object[#97]},{Object[#2]})&#10;    full_frame(@95,{Object[#2],Object[#97]},{Object[#2],Integer})&#10;" type="java.lang.VerifyError"><![CDATA[java.lang.VerifyError: 
Expecting a stackmap frame at branch target 60
Exception Details:
  Location:
    Sensor.switchState()V @36: ifne
  Reason:
    Expected stackmap frame at this location.
  Bytecode:
    0x0000000: b800 5f4c 033d 11ff ff3e 2b10 1f04 5412
    0x0000010: 1211 005c b800 182a 2ab4 0021 1100 5c3d
    0x0000020: 1100 003e 9a00 1812 121c 1d04 b800 4811
    0x0000030: ffff 3e04 2b10 2004 54a7 0026 1d9c 000b
    0x0000040: 2b10 2104 54a7 0014 1212 1c1d 03b8 0048
    0x0000050: 11ff ff3e 2b10 2204 5403 2b10 2304 54b5
    0x0000060: 0021 2b10 2404 5412 1211 005d b800 182a
    0x0000070: b600 342b 1025 0454 1212 1100 5eb8 0018
    0x0000080: 2b10 2604 54b1                         
  Stackmap Table:
    full_frame(@89,{Object[#2],Object[#97]},{Object[#2]})
    full_frame(@95,{Object[#2],Object[#97]},{Object[#2],Integer})

	at SensorTest.<init>(SensorTest.java:13)
]]></error>
  </testcase>
</testsuite>